2024-06-27 22:05:08,012 - INFO - Saved records = {'records': []}
2024-06-27 22:05:15,593 - INFO - create_new_record function started...
2024-06-27 22:05:15,593 - INFO - 454234234245 --> create_new_record function started...
2024-06-27 22:05:15,593 - INFO - Mobile number=454234234245 verification is successful
2024-06-27 22:05:15,604 - ERROR - User=kumar,entered wrong format of DOB
2024-06-27 22:05:15,606 - INFO - 454234234245 --> create_new_record function ended...
2024-06-27 22:05:15,606 - INFO - create_new_record function started...
2024-06-27 22:05:15,606 - INFO - 919000070128 --> create_new_record function started...
2024-06-27 22:05:15,606 - INFO - Mobile number=919000070128 verification is successful
2024-06-27 22:05:15,606 - INFO - Record added successfully :- {'records': [{'mobile': 919000070128, 'name': 'Kajal', 'gender': 'F', 'dob': '2001-2-2', 'company': 'APD'}]}
2024-06-27 22:05:28,827 - INFO - delete_record function has started...
2024-06-27 22:05:31,304 - INFO - Deleted the record contains mobile number=919000070128
2024-06-27 22:05:31,304 - INFO - After deleting data is = {'records': [{}]}
2024-06-27 22:22:52,875 - INFO - Saved records = {'records': []}
2024-06-27 22:23:06,512 - INFO - Entered name of user is = john wick
2024-06-27 22:23:06,512 - INFO - Unauthorized User=john wick, trying to access the application...
2024-06-27 22:23:16,857 - INFO - Saved records = {'records': []}
2024-06-27 22:23:28,855 - INFO - Entered name of user is = kumar.M
2024-06-27 22:23:28,856 - INFO - Unauthorized User=kumar.M, trying to access the application...
2024-06-27 22:23:37,325 - INFO - Entered Option=1 "Create User"
2024-06-27 22:23:37,326 - INFO - User=kumar.M authentication successfull
2024-06-27 22:23:37,326 - INFO - User=kumar.M does not have create user profile permission
2024-06-27 22:23:44,985 - INFO - Entered Option=2 "Read Record"
2024-06-27 22:23:49,463 - INFO - Entered Option=3 "Exited"
2024-06-27 22:23:54,264 - INFO - Saved records = {'records': []}
2024-06-27 22:24:05,738 - INFO - Entered name of user is = John.W
2024-06-27 22:24:05,738 - INFO - User=John.W is an admin, having Admin properties
2024-06-27 22:24:13,812 - INFO - Entered Option=2 "Create New_record"
2024-06-27 22:24:13,812 - INFO - create_new_record function started...
2024-06-27 22:24:13,812 - INFO - 454234234245 --> create_new_record function started...
2024-06-27 22:24:13,813 - INFO - Mobile number=454234234245 verification is successful
2024-06-27 22:24:13,827 - ERROR - User=kumar,entered wrong format of DOB
2024-06-27 22:24:13,827 - INFO - 454234234245 --> create_new_record function ended...
2024-06-27 22:24:13,827 - INFO - create_new_record function started...
2024-06-27 22:24:13,827 - INFO - 919000070128 --> create_new_record function started...
2024-06-27 22:24:13,827 - INFO - Mobile number=919000070128 verification is successful
2024-06-27 22:24:13,828 - INFO - Record added successfully :- {'records': [{'mobile': 919000070128, 'name': 'Kajal', 'gender': 'F', 'dob': '2001-2-2', 'company': 'APD'}]}
2024-06-27 22:24:21,890 - INFO - Entered Option=6 "Read Record"
2024-06-27 22:24:25,126 - INFO - Entered Option=3 "Update Record"
2024-06-27 22:24:25,126 - INFO - 919000070128 --> update_record function has started...
2024-06-27 22:24:25,126 - INFO - "message:-Modifying 1 record"
2024-06-27 22:24:33,288 - INFO - "message:- Previous record of 1 is :-" {'mobile': 919000070128, 'name': 'Kajal', 'gender': 'F', 'dob': '2001-2-2', 'company': 'APD'}
2024-06-27 22:24:33,288 - INFO - "message:-" "Modified 1 record is ":-{'mobile': 919000070128, 'name': 'Anu', 'gender': 'F', 'dob': '2001-2-2', 'company': 'Dell'}
2024-06-27 22:24:33,289 - INFO - updated record is = {'records': [{'mobile': 919000070128, 'name': 'Anu', 'gender': 'F', 'dob': '2001-2-2', 'company': 'Dell'}]}
2024-06-27 22:24:33,289 - INFO - update_record function has ended...
2024-06-27 22:24:37,064 - INFO - Entered Option=6 "Read Record"
2024-06-27 22:24:41,534 - INFO - Entered Option=4 "Partially Update Record"
2024-06-27 22:24:41,535 - INFO - 919000070128 --> partial_update_record function has started...
2024-06-27 22:24:41,535 - INFO - "message:-" "Partial Modifying 1 record"
2024-06-27 22:24:49,021 - INFO - "message:-" "Partial Modified 1 record is ":-{'mobile': 919000070128, 'name': 'Anusha', 'gender': 'F', 'dob': '2001-2-2', 'company': 'Dell'}
2024-06-27 22:24:49,021 - INFO - Saved Record={'records': [{'mobile': 919000070128, 'name': 'Anusha', 'gender': 'F', 'dob': '2001-2-2', 'company': 'Dell'}]}
2024-06-27 22:24:49,021 - INFO - partial_update_record function has ended...
2024-06-27 22:24:50,899 - INFO - Entered Option=6 "Read Record"
2024-06-27 22:25:04,796 - INFO - Entered Option=5 "Delete Record"
2024-06-27 22:25:04,796 - INFO - delete_record function has started...
2024-06-27 22:25:16,037 - INFO - Entered Option=6 "Read Record"
2024-06-27 22:25:18,483 - INFO - Entered Option=7 Exited..
2024-06-27 22:30:48,197 - INFO - Saved records = {'records': []}
2024-06-27 22:31:09,471 - INFO - Entered name of user is = john wick
2024-06-27 22:31:09,471 - INFO - Unauthorized User=john wick, trying to access the application...
2024-06-27 22:31:23,867 - INFO - Saved records = {'records': []}
2024-06-27 22:31:29,506 - INFO - Entered name of user is = kumar.M
2024-06-27 22:31:29,506 - INFO - Unauthorized User=kumar.M, trying to access the application...
2024-06-27 22:31:37,549 - INFO - Entered Option=1 "Create User"
2024-06-27 22:31:37,549 - INFO - User=kumar.M authentication successfull
2024-06-27 22:31:37,549 - INFO - User=kumar.M does not have create user profile permission
2024-06-27 22:31:42,368 - INFO - Entered Option=2 "Read Record"
2024-06-27 22:31:42,368 - INFO - Saved Record = {'records': []}
2024-06-27 22:31:44,797 - INFO - Entered Option=3 "Exited"
2024-06-27 22:34:16,710 - INFO - Saved records = {'records': []}
2024-06-27 22:34:28,851 - INFO - Entered name of user is = john wick
2024-06-27 22:34:28,852 - WARNING - Unauthorized User=john wick, trying to access the application...
2024-06-27 22:34:42,080 - INFO - Saved records = {'records': []}
2024-06-27 22:34:46,730 - INFO - Entered name of user is = kumar.M
2024-06-27 22:34:46,731 - INFO - User=kumar.M is a user, having User properties
2024-06-27 22:34:53,059 - INFO - Entered Option=1 "Create User"
2024-06-27 22:34:53,060 - INFO - User=kumar.M authentication successfull
2024-06-27 22:34:53,060 - ERROR - User=kumar.M does not have create user profile permission
2024-06-27 22:34:55,010 - INFO - Entered Option=2 "Read Record"
2024-06-27 22:34:55,010 - INFO - Saved Record = {'records': []}
2024-06-27 22:34:56,323 - INFO - Entered Option=3 "Exited"
2024-06-27 22:35:35,508 - INFO - Saved records = {'records': []}
2024-06-27 22:35:42,856 - INFO - Entered name of user is = John.W
2024-06-27 22:35:42,856 - INFO - User=John.W is an admin, having Admin properties
2024-06-27 22:35:46,860 - INFO - Entered Option=2 "Create New_record"
2024-06-27 22:35:46,860 - INFO - create_new_record function started...
2024-06-27 22:35:46,861 - INFO - 454234234245 --> create_new_record function started...
2024-06-27 22:35:46,861 - INFO - Mobile number=454234234245 verification is successful
2024-06-27 22:35:46,873 - ERROR - User=kumar,entered wrong format of DOB
2024-06-27 22:35:46,873 - INFO - 454234234245 --> create_new_record function ended...
2024-06-27 22:35:46,873 - INFO - create_new_record function started...
2024-06-27 22:35:46,873 - INFO - 919000070128 --> create_new_record function started...
2024-06-27 22:35:46,874 - INFO - Mobile number=919000070128 verification is successful
2024-06-27 22:35:46,874 - INFO - Record added successfully :- {'records': [{'mobile': 919000070128, 'name': 'Kajal', 'gender': 'F', 'dob': '2001-2-2', 'company': 'APD'}]}
2024-06-27 22:35:49,856 - INFO - Entered Option=6 "Read Record"
2024-06-27 22:35:49,856 - INFO - Saved Record = {'records': [{'mobile': 919000070128, 'name': 'Kajal', 'gender': 'F', 'dob': '2001-2-2', 'company': 'APD'}]}
2024-06-27 22:35:57,177 - INFO - Entered Option=3 "Update Record"
2024-06-27 22:35:57,177 - INFO - 919000070128 --> update_record function has started...
2024-06-27 22:35:57,178 - INFO - "message:-Modifying 1 record"
2024-06-27 22:36:04,187 - INFO - "message:- Previous record of 1 is :-" {'mobile': 919000070128, 'name': 'Kajal', 'gender': 'F', 'dob': '2001-2-2', 'company': 'APD'}
2024-06-27 22:36:04,187 - INFO - "message:-" "Modified 1 record is ":-{'mobile': 919000070128, 'name': 'Anu', 'gender': 'F', 'dob': '2001-2-2', 'company': 'dell'}
2024-06-27 22:36:04,187 - INFO - updated record is = {'records': [{'mobile': 919000070128, 'name': 'Anu', 'gender': 'F', 'dob': '2001-2-2', 'company': 'dell'}]}
2024-06-27 22:36:04,188 - INFO - update_record function has ended...
2024-06-27 22:36:08,776 - INFO - Entered Option=4 "Partially Update Record"
2024-06-27 22:36:08,776 - INFO - 919000070128 --> partial_update_record function has started...
2024-06-27 22:36:08,777 - INFO - "message:-" "Partial Modifying 1 record"
2024-06-27 22:36:12,716 - INFO - "message:-" "Partial Modified 1 record is ":-{'mobile': 919000070128, 'name': 'Anusha', 'gender': 'F', 'dob': '2001-2-2', 'company': 'dell'}
2024-06-27 22:36:12,716 - INFO - Saved Record={'records': [{'mobile': 919000070128, 'name': 'Anusha', 'gender': 'F', 'dob': '2001-2-2', 'company': 'dell'}]}
2024-06-27 22:36:12,717 - INFO - partial_update_record function has ended...
2024-06-27 22:36:15,591 - INFO - Entered Option=6 "Read Record"
2024-06-27 22:36:15,591 - INFO - Saved Record = {'records': [{'mobile': 919000070128, 'name': 'Anusha', 'gender': 'F', 'dob': '2001-2-2', 'company': 'dell'}]}
2024-06-27 22:36:22,796 - INFO - Entered Option=5 "Delete Record"
2024-06-27 22:36:22,797 - INFO - delete_record function has started...
2024-06-27 22:36:26,374 - ERROR - User=John.W entered incorrect format for mobile=<class 'str'>
2024-06-27 22:36:28,282 - INFO - Entered Option=7 Exited..
2024-06-29 17:42:49,717 - INFO - Saved records = {'records': []}
2024-06-29 17:42:55,701 - INFO - Entered name of user is = John.W
2024-06-29 17:42:55,701 - INFO - User=John.W is an admin, having Admin properties
2024-06-29 17:43:06,561 - INFO - Entered Option=2 "Create New_record"
2024-06-29 17:43:06,561 - INFO - create_new_record function started...
2024-06-29 17:43:06,561 - INFO - 454234234245 --> create_new_record function started...
2024-06-29 17:43:06,561 - INFO - Mobile number=454234234245 verification is successful
2024-06-29 17:43:06,581 - ERROR - User=kumar,entered wrong format of DOB
2024-06-29 17:43:06,581 - INFO - 454234234245 --> create_new_record function ended...
2024-06-29 17:43:06,582 - INFO - create_new_record function started...
2024-06-29 17:43:06,582 - INFO - 919000070128 --> create_new_record function started...
2024-06-29 17:43:06,582 - INFO - Mobile number=919000070128 verification is successful
2024-06-29 17:43:06,582 - INFO - Record added successfully :- {'records': [{'mobile': 919000070128, 'name': 'Kajal', 'gender': 'F', 'dob': '2001-2-2', 'company': 'APD'}]}
2024-06-29 17:43:10,524 - INFO - Entered Option=7 Exited..
2024-06-29 21:04:46,481 - INFO - Saved records = {'records': []}
2024-06-29 21:04:54,267 - INFO - Entered name of user is = dinesh
2024-06-29 21:04:54,267 - WARNING - Unauthorized User=dinesh, trying to access the application...
2024-06-29 21:34:52,762 - INFO - Saved records = {'records': []}
2024-06-29 21:35:00,182 - INFO - Entered name of user is = dinesh
2024-06-29 21:35:00,183 - WARNING - Unauthorized User=dinesh, trying to access the application...
2024-06-29 21:35:18,331 - INFO - Saved records = {'records': []}
2024-06-29 21:35:24,928 - INFO - Entered name of user is = John.W
2024-06-29 21:35:24,928 - INFO - User=John.W is an admin, having Admin properties
2024-06-29 21:35:28,218 - INFO - Entered Option=2 "Create New_record"
2024-06-29 21:35:28,218 - INFO - create_new_record function started...
2024-06-29 21:35:28,218 - INFO - 454234234245 --> create_new_record function started...
2024-06-29 21:35:28,219 - INFO - Mobile number=454234234245 verification is successful
2024-06-29 21:35:28,225 - ERROR - User=kumar,entered wrong format of DOB
2024-06-29 21:35:28,225 - INFO - 454234234245 --> create_new_record function ended...
2024-06-29 21:35:28,225 - INFO - create_new_record function started...
2024-06-29 21:35:28,225 - INFO - 919000070128 --> create_new_record function started...
2024-06-29 21:35:28,225 - INFO - Mobile number=919000070128 verification is successful
2024-06-29 21:35:28,225 - INFO - Record added successfully :- {'records': [{'mobile': 919000070128, 'name': 'Kajal', 'gender': 'F', 'dob': '2001-2-2', 'company': 'APD'}]}
2024-06-29 21:35:41,722 - INFO - Entered Option=6 "Read Record"
2024-06-29 21:35:41,722 - INFO - Saved Record = {'records': [{'mobile': 919000070128, 'name': 'Kajal', 'gender': 'F', 'dob': '2001-2-2', 'company': 'APD'}]}
2024-06-29 21:35:54,548 - INFO - Entered Option=3 "Update Record"
2024-06-29 21:35:54,548 - INFO - 919000070128 --> update_record function has started...
2024-06-29 21:35:54,548 - INFO - "message:-Modifying 1 record"
2024-06-29 21:36:03,856 - INFO - "message:- Previous record of 1 is :-" {'mobile': 919000070128, 'name': 'Kajal', 'gender': 'F', 'dob': '2001-2-2', 'company': 'APD'}
2024-06-29 21:36:03,856 - INFO - "message:-" "Modified 1 record is ":-{'mobile': 919000070128, 'name': 'ANu', 'gender': 'F', 'dob': '2001-2-2', 'company': 'Dell'}
2024-06-29 21:36:03,856 - INFO - updated record is = {'records': [{'mobile': 919000070128, 'name': 'ANu', 'gender': 'F', 'dob': '2001-2-2', 'company': 'Dell'}]}
2024-06-29 21:36:03,856 - INFO - update_record function has ended...
2024-06-29 21:36:12,473 - INFO - Entered Option=7 Exited..
2024-06-29 21:36:22,472 - INFO - Saved records = {'records': []}
2024-06-29 21:36:34,368 - INFO - Entered name of user is = kumar.M
2024-06-29 21:36:34,369 - INFO - User=kumar.M is a user, having User properties
2024-06-29 21:36:37,407 - INFO - Entered Option=2 "Read Record"
2024-06-29 21:36:42,459 - INFO - Saved Record = {'records': []}
2024-06-29 21:36:44,066 - INFO - Entered Option=3 "Exited"
2024-06-30 07:39:12,611 - INFO - Saved records = {'records': []}
2024-06-30 07:52:53,361 - INFO - Saved records = {'records': []}
2024-06-30 07:53:01,872 - INFO - Entered name of user is = adveshk
2024-06-30 07:53:01,872 - WARNING - Unauthorized User=adveshk, trying to access the application...
2024-06-30 07:53:46,897 - INFO - Saved records = {'records': []}
2024-06-30 07:54:14,585 - INFO - Saved records = {'records': []}
2024-06-30 07:54:19,535 - INFO - Entered name of user is = advesh
2024-06-30 07:54:19,536 - WARNING - Unauthorized User=advesh, trying to access the application...
2024-06-30 07:54:55,530 - INFO - Saved records = {'records': []}
2024-06-30 07:55:00,156 - INFO - Entered name of user is = adveshk
2024-06-30 07:55:00,156 - INFO - User=adveshk is an admin, having Admin properties
2024-06-30 07:55:02,055 - INFO - Entered Option=1 "Create User"
2024-06-30 07:55:02,055 - INFO - User=adveshk authentication successfull
2024-06-30 07:55:02,055 - INFO - User adveshk admin authorization is successfull
2024-06-30 07:55:30,124 - INFO - Saved records = {'records': []}
2024-06-30 07:55:32,836 - INFO - Entered name of user is = adveshk
2024-06-30 07:55:32,836 - INFO - User=adveshk is an admin, having Admin properties
2024-06-30 07:55:45,083 - INFO - Entered Option=1 "Create User"
2024-06-30 07:55:45,083 - INFO - User=adveshk authentication successfull
2024-06-30 07:55:45,083 - INFO - User adveshk admin authorization is successfull
2024-06-30 07:56:32,146 - INFO - Entered Option=6 "Read Record"
2024-06-30 07:56:32,146 - INFO - Saved Record = {'records': []}
2024-06-30 07:56:40,534 - INFO - Entered Option=7 Exited..
2024-06-30 07:56:43,640 - INFO - Saved records = {'records': []}
2024-06-30 07:56:48,318 - INFO - Entered name of user is = adveshk
2024-06-30 07:56:48,318 - INFO - User=adveshk is an admin, having Admin properties
2024-06-30 07:56:53,231 - INFO - Entered Option=6 "Read Record"
2024-06-30 07:56:53,231 - INFO - Saved Record = {'records': []}
2024-06-30 07:57:35,997 - INFO - Entered Option=2 "Create New_record"
2024-06-30 07:57:35,997 - INFO - create_new_record function started...
2024-06-30 07:57:35,997 - INFO - 454234234245 --> create_new_record function started...
2024-06-30 07:57:35,997 - INFO - Mobile number=454234234245 verification is successful
2024-06-30 07:57:36,003 - ERROR - User=kumar,entered wrong format of DOB
2024-06-30 07:57:36,003 - INFO - 454234234245 --> create_new_record function ended...
2024-06-30 07:57:36,004 - INFO - create_new_record function started...
2024-06-30 07:57:36,004 - INFO - 919000070128 --> create_new_record function started...
2024-06-30 07:57:36,004 - INFO - Mobile number=919000070128 verification is successful
2024-06-30 07:57:36,004 - INFO - Record added successfully :- {'records': [{'mobile': 919000070128, 'name': 'Kajal', 'gender': 'F', 'dob': '2001-2-2', 'company': 'APD'}]}
2024-06-30 07:58:02,820 - INFO - Entered Option=6 "Read Record"
2024-06-30 07:58:02,821 - INFO - Saved Record = {'records': [{'mobile': 919000070128, 'name': 'Kajal', 'gender': 'F', 'dob': '2001-2-2', 'company': 'APD'}]}
2024-06-30 07:58:38,952 - INFO - Saved records = {'records': []}
2024-06-30 07:58:42,521 - INFO - Entered name of user is = adveshk
2024-06-30 07:58:42,521 - INFO - User=adveshk is an admin, having Admin properties
2024-06-30 07:58:46,047 - INFO - Entered Option=3 "Update Record"
2024-06-30 07:58:46,048 - INFO - update_record function has ended...
2024-06-30 07:58:52,283 - INFO - Entered Option=2 "Create New_record"
2024-06-30 07:58:52,283 - INFO - create_new_record function started...
2024-06-30 07:58:52,283 - INFO - 454234234245 --> create_new_record function started...
2024-06-30 07:58:52,283 - INFO - Mobile number=454234234245 verification is successful
2024-06-30 07:58:52,286 - INFO - Record added successfully :- {'records': [{'mobile': 454234234245, 'name': 'kumar', 'gender': 'M', 'dob': '2001-3-2', 'company': 'KXN'}]}
2024-06-30 07:58:52,286 - INFO - create_new_record function started...
2024-06-30 07:58:52,286 - INFO - 919000070128 --> create_new_record function started...
2024-06-30 07:58:52,287 - INFO - Mobile number=919000070128 verification is successful
2024-06-30 07:58:52,287 - INFO - Record added successfully :- {'records': [{'mobile': 454234234245, 'name': 'kumar', 'gender': 'M', 'dob': '2001-3-2', 'company': 'KXN'}, {'mobile': 919000070128, 'name': 'Kajal', 'gender': 'F', 'dob': '2001-2-2', 'company': 'APD'}]}
2024-06-30 07:58:55,462 - INFO - Entered Option=6 "Read Record"
2024-06-30 07:58:55,462 - INFO - Saved Record = {'records': [{'mobile': 454234234245, 'name': 'kumar', 'gender': 'M', 'dob': '2001-3-2', 'company': 'KXN'}, {'mobile': 919000070128, 'name': 'Kajal', 'gender': 'F', 'dob': '2001-2-2', 'company': 'APD'}]}
2024-06-30 07:59:06,554 - INFO - Entered Option=2 "Create New_record"
2024-06-30 07:59:06,554 - INFO - create_new_record function started...
2024-06-30 07:59:06,554 - INFO - 454234234245 --> create_new_record function started...
2024-06-30 07:59:06,555 - INFO - Mobile number=454234234245 verification is successful
2024-06-30 07:59:06,555 - INFO - Record added successfully :- {'records': [{'mobile': 454234234245, 'name': 'kumar', 'gender': 'M', 'dob': '2001-3-2', 'company': 'KXN'}, {'mobile': 919000070128, 'name': 'Kajal', 'gender': 'F', 'dob': '2001-2-2', 'company': 'APD'}, {'mobile': 454234234245, 'name': 'kumar', 'gender': 'M', 'dob': '2001-3-2', 'company': 'KXN'}]}
2024-06-30 07:59:06,555 - INFO - create_new_record function started...
2024-06-30 07:59:06,555 - INFO - 919000070128 --> create_new_record function started...
2024-06-30 07:59:06,555 - INFO - Mobile number=919000070128 verification is successful
2024-06-30 07:59:06,555 - INFO - Record added successfully :- {'records': [{'mobile': 454234234245, 'name': 'kumar', 'gender': 'M', 'dob': '2001-3-2', 'company': 'KXN'}, {'mobile': 919000070128, 'name': 'Kajal', 'gender': 'F', 'dob': '2001-2-2', 'company': 'APD'}, {'mobile': 454234234245, 'name': 'kumar', 'gender': 'M', 'dob': '2001-3-2', 'company': 'KXN'}, {'mobile': 919000070128, 'name': 'Kajal', 'gender': 'F', 'dob': '2001-2-2', 'company': 'APD'}]}
2024-06-30 07:59:17,541 - INFO - Entered Option=4 "Partially Update Record"
2024-06-30 07:59:17,541 - INFO - 454234234245 --> partial_update_record function has started...
2024-06-30 07:59:17,541 - INFO - "message:-" "Partial Modifying 1 record"
2024-06-30 07:59:23,758 - INFO - "message:-" "Partial Modified 1 record is ":-{'mobile': 454234234245, 'name': 'nithin', 'gender': 'M', 'dob': '2001-3-2', 'company': 'KXN'}
2024-06-30 07:59:23,758 - INFO - 919000070128 --> partial_update_record function has started...
2024-06-30 07:59:23,758 - INFO - "message:-" "Partial Modifying 2 record"
2024-06-30 07:59:29,140 - INFO - "message:-" "Partial Modified 2 record is ":-{'mobile': 919000070128, 'name': 'pallavi', 'gender': 'F', 'dob': '2001-2-2', 'company': 'APD'}
2024-06-30 07:59:29,140 - INFO - 454234234245 --> partial_update_record function has started...
2024-06-30 07:59:29,140 - INFO - "message:-" "Partial Modifying 3 record"
2024-06-30 07:59:36,117 - INFO - "message:-" "Partial Modified 3 record is ":-{'mobile': 454234234245, 'name': 'advika', 'gender': 'M', 'dob': '2001-3-2', 'company': 'KXN'}
2024-06-30 07:59:36,118 - INFO - 919000070128 --> partial_update_record function has started...
2024-06-30 07:59:36,118 - INFO - "message:-" "Partial Modifying 4 record"
2024-06-30 07:59:40,756 - INFO - "message:-" "Partial Modified 4 record is ":-{'mobile': 919000070128, 'name': 'shiva', 'gender': 'F', 'dob': '2001-2-2', 'company': 'APD'}
2024-06-30 07:59:40,756 - INFO - Saved Record={'records': [{'mobile': 454234234245, 'name': 'nithin', 'gender': 'M', 'dob': '2001-3-2', 'company': 'KXN'}, {'mobile': 919000070128, 'name': 'pallavi', 'gender': 'F', 'dob': '2001-2-2', 'company': 'APD'}, {'mobile': 454234234245, 'name': 'advika', 'gender': 'M', 'dob': '2001-3-2', 'company': 'KXN'}, {'mobile': 919000070128, 'name': 'shiva', 'gender': 'F', 'dob': '2001-2-2', 'company': 'APD'}]}
2024-06-30 07:59:40,756 - INFO - partial_update_record function has ended...
2024-06-30 07:59:50,200 - INFO - Entered Option=6 "Read Record"
2024-06-30 07:59:50,201 - INFO - Saved Record = {'records': [{'mobile': 454234234245, 'name': 'nithin', 'gender': 'M', 'dob': '2001-3-2', 'company': 'KXN'}, {'mobile': 919000070128, 'name': 'pallavi', 'gender': 'F', 'dob': '2001-2-2', 'company': 'APD'}, {'mobile': 454234234245, 'name': 'advika', 'gender': 'M', 'dob': '2001-3-2', 'company': 'KXN'}, {'mobile': 919000070128, 'name': 'shiva', 'gender': 'F', 'dob': '2001-2-2', 'company': 'APD'}]}
2024-06-30 08:02:29,612 - INFO - Entered Option=5 "Delete Record"
2024-06-30 08:02:29,613 - INFO - delete_record function has started...
2024-06-30 08:02:36,314 - INFO - Deleted the record contains mobile number=454234234245
2024-06-30 08:02:36,314 - INFO - After deleting data is = {'records': [{}, {'mobile': 919000070128, 'name': 'pallavi', 'gender': 'F', 'dob': '2001-2-2', 'company': 'APD'}, {'mobile': 454234234245, 'name': 'advika', 'gender': 'M', 'dob': '2001-3-2', 'company': 'KXN'}, {'mobile': 919000070128, 'name': 'shiva', 'gender': 'F', 'dob': '2001-2-2', 'company': 'APD'}]}
2024-06-30 08:02:36,314 - INFO - Deleted the record contains mobile number=454234234245
2024-06-30 08:02:36,316 - INFO - After deleting data is = {'records': [{}, {'mobile': 919000070128, 'name': 'pallavi', 'gender': 'F', 'dob': '2001-2-2', 'company': 'APD'}, {}, {'mobile': 919000070128, 'name': 'shiva', 'gender': 'F', 'dob': '2001-2-2', 'company': 'APD'}]}
2024-06-30 08:02:43,473 - INFO - Entered Option=6 "Read Record"
2024-06-30 08:02:43,473 - INFO - Saved Record = {'records': [{}, {'mobile': 919000070128, 'name': 'pallavi', 'gender': 'F', 'dob': '2001-2-2', 'company': 'APD'}, {}, {'mobile': 919000070128, 'name': 'shiva', 'gender': 'F', 'dob': '2001-2-2', 'company': 'APD'}]}
2024-06-30 08:02:57,610 - INFO - Entered Option=5 "Delete Record"
2024-06-30 08:02:57,610 - INFO - delete_record function has started...
2024-06-30 08:03:52,237 - INFO - Saved records = {'records': []}
2024-06-30 08:03:55,605 - INFO - Entered name of user is = adveshk
2024-06-30 08:03:55,605 - INFO - User=adveshk is an admin, having Admin properties
2024-06-30 08:03:59,999 - INFO - Entered Option=3 "Update Record"
2024-06-30 08:04:00,000 - INFO - update_record function has ended...
2024-06-30 08:04:11,201 - INFO - Entered Option=2 "Create New_record"
2024-06-30 08:04:11,201 - INFO - create_new_record function started...
2024-06-30 08:04:11,201 - INFO - 454234234245 --> create_new_record function started...
2024-06-30 08:04:11,201 - INFO - Mobile number=454234234245 verification is successful
2024-06-30 08:04:11,204 - INFO - Record added successfully :- {'records': [{'mobile': 454234234245, 'name': 'kumar', 'gender': 'M', 'dob': '2001-3-2', 'company': 'KXN'}]}
2024-06-30 08:04:11,204 - INFO - create_new_record function started...
2024-06-30 08:04:11,204 - INFO - 919063251336 --> create_new_record function started...
2024-06-30 08:04:11,204 - INFO - Mobile number=919063251336 verification is successful
2024-06-30 08:04:11,205 - INFO - Record added successfully :- {'records': [{'mobile': 454234234245, 'name': 'kumar', 'gender': 'M', 'dob': '2001-3-2', 'company': 'KXN'}, {'mobile': 919063251336, 'name': 'Kajal', 'gender': 'F', 'dob': '2001-2-2', 'company': 'APD'}]}
2024-06-30 08:04:39,398 - INFO - Entered Option=3 "Update Record"
2024-06-30 08:04:39,398 - INFO - 454234234245 --> update_record function has started...
2024-06-30 08:04:39,399 - INFO - "message:-Modifying 1 record"
2024-06-30 08:04:55,820 - INFO - "message:- Previous record of 1 is :-" {'mobile': 454234234245, 'name': 'kumar', 'gender': 'M', 'dob': '2001-3-2', 'company': 'KXN'}
2024-06-30 08:04:55,820 - ERROR - User=nithin entered invalid gender = m
2024-06-30 08:04:55,820 - INFO - update_record function has ended...
2024-06-30 08:05:01,462 - INFO - Entered Option=3 "Update Record"
2024-06-30 08:05:01,462 - INFO - 454234234245 --> update_record function has started...
2024-06-30 08:05:01,462 - INFO - "message:-Modifying 1 record"
2024-06-30 08:05:08,592 - INFO - "message:- Previous record of 1 is :-" {'mobile': 454234234245, 'name': 'kumar', 'gender': 'M', 'dob': '2001-3-2', 'company': 'KXN'}
2024-06-30 08:05:08,593 - INFO - "message:-" "Modified 1 record is ":-{'mobile': 454234234245, 'name': 'nithin', 'gender': 'M', 'dob': '2001-3-2', 'company': 'ldt'}
2024-06-30 08:05:08,593 - INFO - updated record is = {'records': [{'mobile': 454234234245, 'name': 'nithin', 'gender': 'M', 'dob': '2001-3-2', 'company': 'ldt'}, {'mobile': 919063251336, 'name': 'Kajal', 'gender': 'F', 'dob': '2001-2-2', 'company': 'APD'}]}
2024-06-30 08:05:08,593 - INFO - 919063251336 --> update_record function has started...
2024-06-30 08:05:08,593 - INFO - "message:-Modifying 2 record"
2024-06-30 08:05:22,944 - INFO - "message:- Previous record of 2 is :-" {'mobile': 919063251336, 'name': 'Kajal', 'gender': 'F', 'dob': '2001-2-2', 'company': 'APD'}
2024-06-30 08:05:22,944 - INFO - "message:-" "Modified 2 record is ":-{'mobile': 919063251336, 'name': 'pallavi', 'gender': 'F', 'dob': '2001-2-2', 'company': 'Accenture'}
2024-06-30 08:05:22,944 - INFO - updated record is = {'records': [{'mobile': 454234234245, 'name': 'nithin', 'gender': 'M', 'dob': '2001-3-2', 'company': 'ldt'}, {'mobile': 919063251336, 'name': 'pallavi', 'gender': 'F', 'dob': '2001-2-2', 'company': 'Accenture'}]}
2024-06-30 08:05:22,944 - INFO - update_record function has ended...
2024-06-30 08:05:38,251 - INFO - Entered Option=2 "Create New_record"
2024-06-30 08:05:38,251 - INFO - create_new_record function started...
2024-06-30 08:05:38,251 - INFO - 454234234245 --> create_new_record function started...
2024-06-30 08:05:38,251 - INFO - Mobile number=454234234245 verification is successful
2024-06-30 08:05:38,251 - INFO - Record added successfully :- {'records': [{'mobile': 454234234245, 'name': 'nithin', 'gender': 'M', 'dob': '2001-3-2', 'company': 'ldt'}, {'mobile': 919063251336, 'name': 'pallavi', 'gender': 'F', 'dob': '2001-2-2', 'company': 'Accenture'}, {'mobile': 454234234245, 'name': 'kumar', 'gender': 'M', 'dob': '2001-3-2', 'company': 'KXN'}]}
2024-06-30 08:05:38,252 - INFO - create_new_record function started...
2024-06-30 08:05:38,252 - INFO - 919063251336 --> create_new_record function started...
2024-06-30 08:05:38,252 - INFO - Mobile number=919063251336 verification is successful
2024-06-30 08:05:38,252 - INFO - Record added successfully :- {'records': [{'mobile': 454234234245, 'name': 'nithin', 'gender': 'M', 'dob': '2001-3-2', 'company': 'ldt'}, {'mobile': 919063251336, 'name': 'pallavi', 'gender': 'F', 'dob': '2001-2-2', 'company': 'Accenture'}, {'mobile': 454234234245, 'name': 'kumar', 'gender': 'M', 'dob': '2001-3-2', 'company': 'KXN'}, {'mobile': 919063251336, 'name': 'Kajal', 'gender': 'F', 'dob': '2001-2-2', 'company': 'APD'}]}
2024-06-30 08:05:44,436 - INFO - Entered Option=6 "Read Record"
2024-06-30 08:05:44,436 - INFO - Saved Record = {'records': [{'mobile': 454234234245, 'name': 'nithin', 'gender': 'M', 'dob': '2001-3-2', 'company': 'ldt'}, {'mobile': 919063251336, 'name': 'pallavi', 'gender': 'F', 'dob': '2001-2-2', 'company': 'Accenture'}, {'mobile': 454234234245, 'name': 'kumar', 'gender': 'M', 'dob': '2001-3-2', 'company': 'KXN'}, {'mobile': 919063251336, 'name': 'Kajal', 'gender': 'F', 'dob': '2001-2-2', 'company': 'APD'}]}
2024-06-30 08:06:00,146 - INFO - Entered Option=5 "Delete Record"
2024-06-30 08:06:00,146 - INFO - delete_record function has started...
2024-06-30 08:06:05,811 - INFO - Deleted the record contains mobile number=919063251336
2024-06-30 08:06:05,813 - INFO - After deleting data is = {'records': [{'mobile': 454234234245, 'name': 'nithin', 'gender': 'M', 'dob': '2001-3-2', 'company': 'ldt'}, {}, {'mobile': 454234234245, 'name': 'kumar', 'gender': 'M', 'dob': '2001-3-2', 'company': 'KXN'}, {'mobile': 919063251336, 'name': 'Kajal', 'gender': 'F', 'dob': '2001-2-2', 'company': 'APD'}]}
2024-06-30 08:06:05,813 - INFO - Deleted the record contains mobile number=919063251336
2024-06-30 08:06:05,813 - INFO - After deleting data is = {'records': [{'mobile': 454234234245, 'name': 'nithin', 'gender': 'M', 'dob': '2001-3-2', 'company': 'ldt'}, {}, {'mobile': 454234234245, 'name': 'kumar', 'gender': 'M', 'dob': '2001-3-2', 'company': 'KXN'}, {}]}
2024-06-30 08:06:11,631 - INFO - Entered Option=5 "Delete Record"
2024-06-30 08:06:11,632 - INFO - delete_record function has started...
2024-06-30 08:06:12,602 - INFO - Deleted the record contains mobile number=454234234245
2024-06-30 08:06:12,602 - INFO - After deleting data is = {'records': [{}, {}, {'mobile': 454234234245, 'name': 'kumar', 'gender': 'M', 'dob': '2001-3-2', 'company': 'KXN'}, {}]}
2024-06-30 08:20:56,757 - INFO - Saved records = {'records': []}
2024-06-30 08:21:09,244 - INFO - Entered name of user is = kumarm
2024-06-30 08:21:09,244 - INFO - User=kumarm is a user, having User properties
2024-06-30 08:21:12,408 - INFO - Entered Option=1 "Create User"
2024-06-30 08:21:12,409 - INFO - User=kumarm authentication successfull
2024-06-30 08:21:12,409 - ERROR - User=kumarm does not have create user profile permission
2024-06-30 08:27:00,473 - INFO - Saved records = {'records': []}
2024-06-30 08:27:06,572 - INFO - Entered name of user is = kumarm
2024-06-30 08:27:06,572 - INFO - User=kumarm is a user, having User properties
2024-06-30 08:27:14,510 - INFO - Entered Option=2 "Create New_record"
2024-06-30 08:27:14,510 - INFO - create_new_record function started...
2024-06-30 08:27:14,510 - INFO - 454234234245 --> create_new_record function started...
2024-06-30 08:27:14,510 - INFO - Mobile number=454234234245 verification is successful
2024-06-30 08:27:14,517 - INFO - Record added successfully :- {'records': [{'mobile': 454234234245, 'name': 'kumar', 'gender': 'M', 'dob': '2001-3-2', 'company': 'KXN'}]}
2024-06-30 08:27:23,221 - INFO - Entered Option=3 "Exited"
2024-06-30 08:27:26,407 - INFO - Saved records = {'records': []}
2024-06-30 08:27:29,184 - INFO - Entered name of user is = naveenb
2024-06-30 08:27:29,185 - INFO - User=naveenb is a user, having User properties
2024-06-30 08:27:50,307 - INFO - Entered Option=2 "Create New_record"
2024-06-30 08:27:50,308 - INFO - create_new_record function started...
2024-06-30 08:27:50,308 - INFO - 454234234245 --> create_new_record function started...
2024-06-30 08:27:50,308 - INFO - Mobile number=454234234245 verification is successful
2024-06-30 08:27:50,313 - INFO - Record added successfully :- {'records': [{'mobile': 454234234245, 'name': 'kumar', 'gender': 'M', 'dob': '2001-3-2', 'company': 'KXN'}]}
2024-06-30 08:28:10,088 - INFO - Entered Option=2 "Read Record"
2024-06-30 08:28:13,350 - INFO - Saved Record = {'records': [{'mobile': 454234234245, 'name': 'kumar', 'gender': 'M', 'dob': '2001-3-2', 'company': 'KXN'}]}
2024-06-30 08:28:30,373 - INFO - Entered Option=1 "Create User"
2024-06-30 08:28:30,374 - INFO - User=naveenb authentication successfull
2024-06-30 08:28:30,374 - ERROR - User=naveenb does not have create user profile permission
2024-06-30 08:31:40,195 - INFO - Saved records = {'records': []}
2024-06-30 08:31:42,935 - INFO - Entered name of user is = adveshk
2024-06-30 08:31:42,935 - INFO - User=adveshk is an admin, having Admin properties
2024-06-30 08:31:47,411 - INFO - Saved records = {'records': []}
2024-06-30 08:31:50,060 - INFO - Entered name of user is = kumarm
2024-06-30 08:31:50,061 - INFO - User=kumarm is a user, having User properties
2024-06-30 08:31:54,729 - INFO - Entered Option=1 "Create User"
2024-06-30 08:31:54,730 - INFO - User=kumarm authentication successfull
2024-06-30 08:31:54,730 - ERROR - User=kumarm does not have create user profile permission
2024-06-30 08:43:16,302 - INFO - Saved records = {'records': []}
2024-06-30 08:43:19,906 - INFO - Entered name of user is = kumarm
2024-06-30 08:43:19,908 - INFO - User=kumarm is a user, having User properties
2024-06-30 08:45:59,787 - INFO - Saved records = {'records': []}
2024-06-30 08:46:05,379 - INFO - Entered name of user is =  kumarm
2024-06-30 08:46:05,380 - WARNING - Unauthorized User= kumarm, trying to access the application...
2024-06-30 08:46:38,444 - INFO - Saved records = {'records': []}
2024-06-30 08:46:42,137 - INFO - Entered name of user is = kumarm
2024-06-30 08:46:42,139 - INFO - User=kumarm is a user, having User properties
2024-06-30 08:48:04,245 - INFO - Saved records = {'records': []}
2024-06-30 08:48:07,677 - INFO - Entered name of user is = adveshk
2024-06-30 08:48:07,677 - INFO - User=adveshk is an admin, having Admin properties
2024-06-30 08:48:11,653 - INFO - Entered Option=2 "Create New_record"
2024-06-30 08:48:11,654 - INFO - create_new_record function started...
2024-06-30 08:48:11,654 - INFO - 454234234245 --> create_new_record function started...
2024-06-30 08:48:11,654 - INFO - Mobile number=454234234245 verification is successful
2024-06-30 08:48:11,661 - INFO - Record added successfully :- {'records': [{'mobile': 454234234245, 'name': 'kumar', 'gender': 'M', 'dob': '2001-3-2', 'company': 'KXN'}]}
2024-06-30 08:48:11,662 - INFO - create_new_record function started...
2024-06-30 08:48:11,662 - INFO - 919063251336 --> create_new_record function started...
2024-06-30 08:48:11,662 - INFO - Mobile number=919063251336 verification is successful
2024-06-30 08:48:11,662 - INFO - Record added successfully :- {'records': [{'mobile': 454234234245, 'name': 'kumar', 'gender': 'M', 'dob': '2001-3-2', 'company': 'KXN'}, {'mobile': 919063251336, 'name': 'Kajal', 'gender': 'F', 'dob': '2001-2-2', 'company': 'APD'}]}
2024-06-30 08:48:16,805 - INFO - Entered Option=7 Exited..
2024-06-30 08:48:19,249 - INFO - Saved records = {'records': []}
2024-06-30 08:48:22,698 - INFO - Entered name of user is = naveenb
2024-06-30 08:48:22,698 - INFO - User=naveenb is a user, having User properties
2024-06-30 08:49:46,765 - INFO - Saved records = {'records': []}
2024-06-30 08:49:54,179 - INFO - Entered name of user is = kumarm
2024-06-30 08:49:54,179 - INFO - User=kumarm is a user, having User properties
2024-06-30 08:50:02,981 - INFO - Entered Option=2 "Read Record"
2024-06-30 08:50:06,281 - INFO - Saved Record = {'records': []}
2024-07-01 21:27:06,754 - INFO - Saved records = {'records': []}
2024-07-01 21:27:10,308 - INFO - Entered name of user is = naveenb
2024-07-01 21:27:10,309 - INFO - User=naveenb is a user, having User properties
2024-07-01 21:27:13,431 - INFO - Entered Option=1 "Create User"
2024-07-01 21:27:13,431 - INFO - User=naveenb authentication successfull
2024-07-01 21:27:13,431 - ERROR - User=naveenb does not have create user profile permission
2024-07-01 21:27:20,384 - INFO - Entered Option=2 "Read Record"
2024-07-01 21:27:23,363 - INFO - Saved Record = {'records': []}
2024-07-01 21:29:35,619 - INFO - Entered Option=3 "Exited"
2024-07-01 21:29:38,170 - INFO - Saved records = {'records': []}
2024-07-01 21:29:41,685 - INFO - Entered name of user is = adveshk
2024-07-01 21:29:41,685 - INFO - User=adveshk is an admin, having Admin properties
2024-07-01 21:29:46,230 - INFO - Entered Option=2 "Create New_record"
2024-07-01 21:29:46,230 - INFO - create_new_record function started...
2024-07-01 21:29:46,230 - INFO - 454234234245 --> create_new_record function started...
2024-07-01 21:29:46,230 - INFO - Mobile number=454234234245 verification is successful
2024-07-01 21:29:46,234 - INFO - Record added successfully :- {'records': [{'mobile': 454234234245, 'name': 'kumar', 'gender': 'M', 'dob': '2001-3-2', 'company': 'KXN'}]}
2024-07-01 21:29:46,234 - INFO - create_new_record function started...
2024-07-01 21:29:46,235 - INFO - 919063251336 --> create_new_record function started...
2024-07-01 21:29:46,235 - INFO - Mobile number=919063251336 verification is successful
2024-07-01 21:29:46,235 - INFO - Record added successfully :- {'records': [{'mobile': 454234234245, 'name': 'kumar', 'gender': 'M', 'dob': '2001-3-2', 'company': 'KXN'}, {'mobile': 919063251336, 'name': 'Kajal', 'gender': 'F', 'dob': '2001-2-2', 'company': 'APD'}]}
2024-07-01 21:29:52,276 - INFO - Entered Option=6 "Read Record"
2024-07-01 21:29:52,276 - INFO - Saved Record = {'records': [{'mobile': 454234234245, 'name': 'kumar', 'gender': 'M', 'dob': '2001-3-2', 'company': 'KXN'}, {'mobile': 919063251336, 'name': 'Kajal', 'gender': 'F', 'dob': '2001-2-2', 'company': 'APD'}]}
2024-07-01 21:30:04,976 - INFO - Entered Option=7 Exited..
2024-07-01 21:30:07,773 - INFO - Saved records = {'records': []}
2024-07-01 21:30:10,236 - INFO - Entered name of user is = naveenb
2024-07-01 21:30:10,236 - INFO - User=naveenb is a user, having User properties
2024-07-01 21:30:12,067 - INFO - Entered Option=2 "Read Record"
2024-07-01 21:30:15,350 - INFO - Saved Record = {'records': []}
2024-07-01 21:46:34,294 - INFO - Saved records = {'records': []}
2024-07-01 21:46:37,468 - INFO - Entered name of user is = adveska
2024-07-01 21:46:37,468 - WARNING - Unauthorized User=adveska, trying to access the application...
2024-07-01 21:46:42,045 - INFO - Saved records = {'records': []}
2024-07-01 21:46:44,126 - INFO - Entered name of user is = adveshk
2024-07-01 21:46:44,126 - INFO - User=adveshk is an admin, having Admin properties
2024-07-01 21:46:45,878 - INFO - Entered Option=2 "Create New_record"
2024-07-01 21:46:45,879 - INFO - create_new_record function started...
2024-07-01 21:46:45,879 - INFO - 454234234245 --> create_new_record function started...
2024-07-01 21:46:45,879 - INFO - Mobile number=454234234245 verification is successful
2024-07-01 21:46:45,884 - INFO - Record added successfully :- {'records': [{'mobile': 454234234245, 'name': 'kumar', 'gender': 'M', 'dob': '2001-3-2', 'company': 'KXN'}]}
2024-07-01 21:46:45,886 - INFO - create_new_record function started...
2024-07-01 21:46:45,886 - INFO - 919063251336 --> create_new_record function started...
2024-07-01 21:46:45,886 - INFO - Mobile number=919063251336 verification is successful
2024-07-01 21:46:45,886 - INFO - Record added successfully :- {'records': [{'mobile': 454234234245, 'name': 'kumar', 'gender': 'M', 'dob': '2001-3-2', 'company': 'KXN'}, {'mobile': 919063251336, 'name': 'Kajal', 'gender': 'F', 'dob': '2001-2-2', 'company': 'APD'}]}
2024-07-01 21:46:52,586 - INFO - Entered Option=6 "Read Record"
2024-07-01 21:46:52,586 - INFO - Saved Record = {'records': [{'mobile': 454234234245, 'name': 'kumar', 'gender': 'M', 'dob': '2001-3-2', 'company': 'KXN'}, {'mobile': 919063251336, 'name': 'Kajal', 'gender': 'F', 'dob': '2001-2-2', 'company': 'APD'}]}
2024-07-01 21:47:03,254 - INFO - Entered Option=4 "Partially Update Record"
2024-07-01 21:47:03,254 - INFO - 454234234245 --> partial_update_record function has started...
2024-07-01 21:47:03,254 - INFO - "message:-" "Partial Modifying 1 record"
2024-07-01 21:47:10,500 - INFO - "message:-" "Partial Modified 1 record is ":-{'mobile': 454234234245, 'name': 'advika', 'gender': 'M', 'dob': '2001-3-2', 'company': 'KXN'}
2024-07-01 21:47:10,500 - INFO - 919063251336 --> partial_update_record function has started...
2024-07-01 21:47:10,500 - INFO - "message:-" "Partial Modifying 2 record"
2024-07-01 21:47:13,566 - INFO - "message:-" "Partial Modified 2 record is ":-{'mobile': 919063251336, 'name': 'shiva', 'gender': 'F', 'dob': '2001-2-2', 'company': 'APD'}
2024-07-01 21:47:13,566 - INFO - Saved Record={'records': [{'mobile': 454234234245, 'name': 'advika', 'gender': 'M', 'dob': '2001-3-2', 'company': 'KXN'}, {'mobile': 919063251336, 'name': 'shiva', 'gender': 'F', 'dob': '2001-2-2', 'company': 'APD'}]}
2024-07-01 21:47:13,567 - INFO - partial_update_record function has ended...
2024-07-01 21:47:21,205 - INFO - Entered Option=3 "Update Record"
2024-07-01 21:47:21,205 - INFO - 454234234245 --> update_record function has started...
2024-07-01 21:47:21,205 - INFO - "message:-Modifying 1 record"
2024-07-01 21:47:27,992 - INFO - "message:- Previous record of 1 is :-" {'mobile': 454234234245, 'name': 'advika', 'gender': 'M', 'dob': '2001-3-2', 'company': 'KXN'}
2024-07-01 21:47:27,992 - INFO - "message:-" "Modified 1 record is ":-{'mobile': 454234234245, 'name': 'shiva', 'gender': 'M', 'dob': '2001-3-2', 'company': 'rff'}
2024-07-01 21:47:27,992 - INFO - updated record is = {'records': [{'mobile': 454234234245, 'name': 'shiva', 'gender': 'M', 'dob': '2001-3-2', 'company': 'rff'}, {'mobile': 919063251336, 'name': 'shiva', 'gender': 'F', 'dob': '2001-2-2', 'company': 'APD'}]}
2024-07-01 21:47:27,992 - INFO - 919063251336 --> update_record function has started...
2024-07-01 21:47:27,992 - INFO - "message:-Modifying 2 record"
2024-07-01 21:47:34,624 - INFO - "message:- Previous record of 2 is :-" {'mobile': 919063251336, 'name': 'shiva', 'gender': 'F', 'dob': '2001-2-2', 'company': 'APD'}
2024-07-01 21:47:34,624 - INFO - "message:-" "Modified 2 record is ":-{'mobile': 919063251336, 'name': 'jaya', 'gender': 'F', 'dob': '2001-2-2', 'company': 'rffs'}
2024-07-01 21:47:34,624 - INFO - updated record is = {'records': [{'mobile': 454234234245, 'name': 'shiva', 'gender': 'M', 'dob': '2001-3-2', 'company': 'rff'}, {'mobile': 919063251336, 'name': 'jaya', 'gender': 'F', 'dob': '2001-2-2', 'company': 'rffs'}]}
2024-07-01 21:47:34,624 - INFO - update_record function has ended...
2024-07-02 07:47:24,640 - INFO - Saved records = {'records': []}
2024-07-02 07:47:28,434 - INFO - Entered name of user is = adveshk
2024-07-02 07:47:28,434 - INFO - User=adveshk is an admin, having Admin properties
2024-07-02 07:47:31,307 - INFO - Entered Option=2 "Create New_record"
2024-07-02 07:47:31,307 - INFO - create_new_record function started...
2024-07-02 07:47:31,307 - INFO - 454234234245 --> create_new_record function started...
2024-07-02 07:47:31,308 - INFO - Mobile number=454234234245 verification is successful
2024-07-02 07:47:31,311 - INFO - Record added successfully :- {'records': [{'mobile': 454234234245, 'name': 'kumar', 'gender': 'M', 'dob': '2001-3-2', 'company': 'KXN'}]}
2024-07-02 07:47:31,311 - INFO - create_new_record function started...
2024-07-02 07:47:31,311 - INFO - 919063251336 --> create_new_record function started...
2024-07-02 07:47:31,311 - INFO - Mobile number=919063251336 verification is successful
2024-07-02 07:47:31,312 - INFO - Record added successfully :- {'records': [{'mobile': 454234234245, 'name': 'kumar', 'gender': 'M', 'dob': '2001-3-2', 'company': 'KXN'}, {'mobile': 919063251336, 'name': 'Kajal', 'gender': 'F', 'dob': '2001-2-2', 'company': 'APD'}]}
2024-07-02 07:56:00,631 - INFO - Entered Option=3 "Update Record"
2024-07-02 07:56:00,631 - INFO - 454234234245 --> update_record function has started...
2024-07-02 07:56:00,631 - INFO - "message:-Modifying 1 record"
2024-07-02 07:56:14,314 - INFO - "message:- Previous record of 1 is :-" {'mobile': 454234234245, 'name': 'kumar', 'gender': 'M', 'dob': '2001-3-2', 'company': 'KXN'}
2024-07-02 07:56:14,314 - INFO - "message:-" "Modified 1 record is ":-{'mobile': 454234234245, 'name': 'advesh', 'gender': 'M', 'dob': '2001-3-2', 'company': 'rff'}
2024-07-02 07:56:14,314 - INFO - updated record is = {'records': [{'mobile': 454234234245, 'name': 'advesh', 'gender': 'M', 'dob': '2001-3-2', 'company': 'rff'}, {'mobile': 919063251336, 'name': 'Kajal', 'gender': 'F', 'dob': '2001-2-2', 'company': 'APD'}]}
2024-07-02 07:56:14,314 - INFO - 919063251336 --> update_record function has started...
2024-07-02 07:56:14,315 - INFO - "message:-Modifying 2 record"
2024-07-02 07:56:23,604 - INFO - "message:- Previous record of 2 is :-" {'mobile': 919063251336, 'name': 'Kajal', 'gender': 'F', 'dob': '2001-2-2', 'company': 'APD'}
2024-07-02 07:56:23,604 - INFO - "message:-" "Modified 2 record is ":-{'mobile': 919063251336, 'name': 'advika', 'gender': 'F', 'dob': '2001-2-2', 'company': 'rffs'}
2024-07-02 07:56:23,604 - INFO - updated record is = {'records': [{'mobile': 454234234245, 'name': 'advesh', 'gender': 'M', 'dob': '2001-3-2', 'company': 'rff'}, {'mobile': 919063251336, 'name': 'advika', 'gender': 'F', 'dob': '2001-2-2', 'company': 'rffs'}]}
2024-07-02 07:56:23,605 - INFO - update_record function has ended...
2024-07-04 08:19:58,542 - INFO - Saved records = {'records': []}
2024-07-04 08:20:03,040 - INFO - Entered name of user is = adveshk
2024-07-04 08:20:03,040 - INFO - User=adveshk is an admin, having Admin properties
2024-07-04 08:20:22,251 - INFO - Entered Option=1 "Create User"
2024-07-04 08:20:22,251 - INFO - User=adveshk authentication successfull
2024-07-04 08:20:22,251 - INFO - User adveshk admin authorization is successfull
2024-07-06 00:27:31,180 - INFO - Entered name of user is = adveshl
2024-07-06 00:27:31,195 - WARNING - Unauthorized User=adveshl, trying to access the application...
2024-07-07 07:45:11,200 - INFO - Entered name of user is = adveshk
2024-07-07 07:45:11,203 - INFO - User=adveshk is an admin, having Admin properties
2024-07-07 07:45:18,167 - INFO - Entered Option=6 "Read Record"
2024-07-07 07:45:18,167 - INFO - Saved Record = {'records': [{'username': 'kumarmarshal', 'name': 'kumarm', 'dept': 'IT', 'dob': '2000-01-01', 'gender': 'M', 'password': 'Kumar@0101', 'isadmin': False}, {'username': 'naveenbireddy', 'name': 'naveenb', 'dept': 'Dev', 'dob': '2000-02-02', 'gender': 'M', 'password': 'Naveen@0202', 'isadmin': False}, {'username': 'adveshk22', 'name': 'adveshk', 'dept': 'Sales', 'dob': '2000-02-22', 'gender': 'M', 'password': 'Advesh@0202', 'isadmin': True}]}
2024-07-07 07:45:48,403 - INFO - Entered Option=6 "Reset User Password"
2024-07-07 07:45:48,403 - INFO - reset_password function has started...
2024-07-07 07:45:55,946 - INFO - Admin enterd user name is "naveenb"
2024-07-07 07:46:17,353 - INFO - Admin changed user=naveenb password to "Advesh@2202"
2024-07-07 07:46:17,353 - INFO - Before the reset password User=naveenb password is "Naveen@0202"
2024-07-07 07:46:17,353 - INFO - After the reset password User=naveenb password is "Advesh@2202"
2024-07-07 07:46:24,844 - INFO - Entered Option=4 "Check specify user info"
2024-07-07 07:46:24,844 - INFO - user_info function started...
2024-07-07 07:46:36,056 - INFO - Admin=adveshk has entered "naveenbireddy" to see his information
2024-07-07 07:46:36,056 - ERROR - User=naveenbireddy,is not in records
2024-07-07 07:46:36,056 - ERROR - User=naveenbireddy,is not in records
2024-07-07 07:46:49,597 - INFO - Entered Option=4 "Check specify user info"
2024-07-07 07:46:49,597 - INFO - user_info function started...
2024-07-07 07:46:53,538 - INFO - Admin=adveshk has entered "naveenb" to see his information
2024-07-07 07:46:53,538 - INFO - User=naveenb information :- {'username': 'naveenbireddy', 'name': 'naveenb', 'dept': 'Dev', 'dob': '2000-02-02', 'gender': 'M', 'password': 'Advesh@2202', 'isadmin': False}
2024-07-07 07:47:04,930 - INFO - Entered Option=6 "Exit"
2024-07-07 07:47:09,870 - INFO - Entered name of user is = naveenb
2024-07-07 07:47:09,871 - INFO - User=naveenb is a user, having User properties
2024-07-07 07:47:15,150 - INFO - Entered Option=3 "Check Your Details"
2024-07-07 07:47:15,150 - INFO - user_info function started...
2024-07-07 07:47:15,150 - INFO - User=naveenb having checking his information
2024-07-07 07:47:15,151 - INFO - Your information :- {'username': 'naveenbireddy', 'name': 'naveenb', 'dept': 'Dev', 'dob': '2000-02-02', 'gender': 'M', 'password': 'Advesh@2202', 'isadmin': False}
2024-07-07 07:47:21,150 - INFO - Entered Option=3 "Read record"
2024-07-07 07:47:21,150 - INFO - Saved Record = {'records': [{'username': 'kumarmarshal', 'name': 'kumarm', 'dept': 'IT', 'dob': '2000-01-01', 'gender': 'M', 'password': 'Kumar@0101', 'isadmin': False}, {'username': 'naveenbireddy', 'name': 'naveenb', 'dept': 'Dev', 'dob': '2000-02-02', 'gender': 'M', 'password': 'Advesh@2202', 'isadmin': False}, {'username': 'adveshk22', 'name': 'adveshk', 'dept': 'Sales', 'dob': '2000-02-22', 'gender': 'M', 'password': 'Advesh@0202', 'isadmin': True}]}
2024-07-07 07:59:57,831 - INFO - Entered name of user is = adveshk
2024-07-07 07:59:57,834 - INFO - User=adveshk is an admin, having Admin properties
2024-07-07 08:00:02,318 - INFO - Entered Option=2 "Update Record"
2024-07-07 08:00:12,655 - INFO - Admin has entered name is naveenb
2024-07-07 08:00:12,655 - INFO - update_record function has started...
2024-07-07 08:00:12,656 - INFO - update_record function has started...
2024-07-07 08:00:12,656 - INFO - "message:-Modifying User=naveenb record"
2024-07-07 08:04:49,387 - INFO - Entered name of user is = naveenb
2024-07-07 08:04:49,387 - INFO - User=naveenb is a user, having User properties
2024-07-07 08:04:54,916 - INFO - Entered Option=2 "Update your record"
2024-07-07 08:04:57,983 - INFO - update_user_record function has started....
2024-07-07 08:04:57,983 - INFO - user=naveenb data is in records
2024-07-07 08:05:17,981 - INFO - Before updating the record = {'records': [{'username': 'kumarmarshal', 'name': 'kumarm', 'dept': 'IT', 'dob': '2000-01-01', 'gender': 'M', 'password': 'Kumar@0101', 'isadmin': False}, {'username': 'naveenbireddy', 'name': 'naveenb', 'dept': 'Dev', 'dob': '2000-02-02', 'gender': 'M', 'password': 'Naveen@0202', 'isadmin': False}, {'username': 'adveshk22', 'name': 'adveshk', 'dept': 'Sales', 'dob': '2000-02-22', 'gender': 'M', 'password': 'Advesh@0202', 'isadmin': True}]}
2024-07-07 08:05:17,981 - INFO - After user updated his record = {'records': [{'username': 'kumarmarshal', 'name': 'kumarm', 'dept': 'IT', 'dob': '2000-01-01', 'gender': 'M', 'password': 'Kumar@0101', 'isadmin': False}, {'username': 'kumarm', 'name': 'naveenb', 'dept': 'ITS', 'dob': '2000-02-02', 'gender': 'M', 'password': 'Naveen@0202', 'isadmin': False}, {'username': 'adveshk22', 'name': 'adveshk', 'dept': 'Sales', 'dob': '2000-02-22', 'gender': 'M', 'password': 'Advesh@0202', 'isadmin': True}]}
2024-07-07 08:05:17,982 - INFO - update_user_record function has ended...
2024-07-07 08:05:35,853 - INFO - Entered Option=3 "Read record"
2024-07-07 08:05:35,855 - INFO - Saved Record = {'records': [{'username': 'kumarmarshal', 'name': 'kumarm', 'dept': 'IT', 'dob': '2000-01-01', 'gender': 'M', 'password': 'Kumar@0101', 'isadmin': False}, {'username': 'kumarm', 'name': 'naveenb', 'dept': 'ITS', 'dob': '2000-02-02', 'gender': 'M', 'password': 'Naveen@0202', 'isadmin': False}, {'username': 'adveshk22', 'name': 'adveshk', 'dept': 'Sales', 'dob': '2000-02-22', 'gender': 'M', 'password': 'Advesh@0202', 'isadmin': True}]}
2024-07-07 08:06:11,797 - INFO - Entered Option=4 "Exit"
2024-07-07 08:09:11,121 - INFO - Entered name of user is adveshk
2024-07-07 08:09:11,121 - INFO - User=adveshk is an admin, having Admin properties
2024-07-07 08:09:17,974 - INFO - Entered Option=8 "Exit"
2024-07-07 08:09:24,005 - INFO - Entered name of user is naveenb
2024-07-07 08:09:24,005 - INFO - User=naveenb is a user, having User properties
2024-07-07 08:09:26,503 - INFO - Entered Option=4 "Read record"
2024-07-07 08:09:26,503 - INFO - Reading records function has started...
2024-07-07 08:09:26,503 - INFO - User=naveenb has read his own record: {'username': 'naveenbireddy', 'name': 'naveenb', 'dept': 'Dev', 'dob': '2000-02-02', 'gender': 'M', 'password': 'Naveen@0202', 'isadmin': False}
2024-07-07 08:09:26,503 - INFO - Reading records function has ended...
2024-07-07 08:09:39,237 - INFO - Entered Option=5 "Exit"
2024-07-07 08:09:45,392 - INFO - Entered name of user is adveshk
2024-07-07 08:09:45,393 - INFO - User=adveshk is an admin, having Admin properties
2024-07-07 08:09:47,134 - INFO - Entered Option=7 "Read Records"
2024-07-07 08:09:47,135 - INFO - Reading records function has started...
2024-07-07 08:09:47,135 - INFO - Admin=adveshk has read all records: [{'username': 'kumarmarshal', 'name': 'kumarm', 'dept': 'IT', 'dob': '2000-01-01', 'gender': 'M', 'password': 'Kumar@0101', 'isadmin': False}, {'username': 'naveenbireddy', 'name': 'naveenb', 'dept': 'Dev', 'dob': '2000-02-02', 'gender': 'M', 'password': 'Naveen@0202', 'isadmin': False}, {'username': 'adveshk22', 'name': 'adveshk', 'dept': 'Sales', 'dob': '2000-02-22', 'gender': 'M', 'password': 'Advesh@0202', 'isadmin': True}]
2024-07-07 08:09:47,135 - INFO - Reading records function has ended...
2024-07-07 08:17:37,951 - INFO - Entered username is adveshk
2024-07-07 08:17:37,951 - WARNING - Unauthorized user=adveshk trying to access the application.
2024-07-07 08:28:28,218 - INFO - Entered name of user is adveshk
2024-07-07 08:36:39,656 - INFO - Entered name of user is adveshk
2024-07-07 08:37:15,205 - INFO - Entered name of user is adveshk
2024-07-07 08:37:56,178 - INFO - Entered name of user is adveshk
2024-07-07 08:38:22,155 - INFO - Entered name of user is adveshk
2024-07-07 08:38:26,304 - INFO - User=adveshk is an admin, having Admin properties
2024-07-07 08:38:37,537 - INFO - Entered Option=7 "Read Records"
2024-07-07 08:38:37,537 - INFO - Reading records function has started...
2024-07-07 08:38:37,537 - INFO - Admin=adveshk has read all records: [{'username': 'kumarm', 'name': 'kumarmarshal', 'dept': 'IT', 'dob': '2000-01-01', 'gender': 'M', 'isadmin': False}, {'username': 'naveenb', 'name': 'naveenbireddy', 'dept': 'Dev', 'dob': '2000-02-02', 'gender': 'M', 'isadmin': False}, {'username': 'adveshk', 'name': 'adveshkairamkonda', 'dept': 'Sales', 'dob': '2000-02-22', 'gender': 'M', 'isadmin': True}]
2024-07-07 08:38:37,537 - INFO - Reading records function has ended...
2024-07-07 08:39:00,603 - INFO - Entered Option=8 "Exit"
2024-07-07 08:39:06,015 - INFO - Entered name of user is naveen
2024-07-07 08:39:18,965 - WARNING - Unauthorized User=naveen, trying to access the application...
2024-07-07 08:39:44,234 - INFO - Entered name of user is naveenb
2024-07-07 08:39:47,765 - INFO - User=naveenb is a user, having User properties
2024-07-07 08:39:50,473 - INFO - Entered Option=4 "Read record"
2024-07-07 08:39:50,473 - INFO - Reading records function has started...
2024-07-07 08:39:50,474 - INFO - Reading records function has ended...
2024-07-07 08:42:06,855 - INFO - Entered Option=5 "Exit"
2024-07-07 08:42:10,924 - INFO - Entered name of user is adveshk
2024-07-07 08:42:14,650 - INFO - User=adveshk is an admin, having Admin properties
2024-07-07 08:42:16,314 - INFO - Entered Option=7 "Read Records"
2024-07-07 08:42:16,314 - INFO - Reading records function has started...
2024-07-07 08:42:16,314 - INFO - Admin=adveshk has read all records: [{'username': 'kumarm', 'name': 'kumarmarshal', 'dept': 'IT', 'dob': '2000-01-01', 'gender': 'M', 'isadmin': False}, {'username': 'naveenb', 'name': 'naveenbireddy', 'dept': 'Dev', 'dob': '2000-02-02', 'gender': 'M', 'isadmin': False}, {'username': 'adveshk', 'name': 'adveshkairamkonda', 'dept': 'Sales', 'dob': '2000-02-22', 'gender': 'M', 'isadmin': True}]
2024-07-07 08:42:16,314 - INFO - Reading records function has ended...
2024-07-07 08:42:30,133 - INFO - Entered Option=8 "Exit"
2024-07-07 08:42:35,338 - INFO - Entered name of user is kumarm
2024-07-07 08:42:40,774 - INFO - User=kumarm is a user, having User properties
2024-07-07 08:42:43,053 - INFO - Entered Option=4 "Read record"
2024-07-07 08:42:43,054 - INFO - Reading records function has started...
2024-07-07 08:42:43,054 - INFO - Reading records function has ended...
2024-07-07 08:45:07,391 - INFO - Entered Option=3 "Check Your Details"
2024-07-07 08:45:07,391 - INFO - user_info function started...
2024-07-07 08:45:07,391 - INFO - User=kumarm having checking his information
2024-07-07 08:46:17,756 - INFO - Entered name of user is naveenb
2024-07-07 08:46:21,791 - INFO - User=naveenb is a user, having User properties
2024-07-07 08:46:23,431 - INFO - Entered Option=3 "Check Your Details"
2024-07-07 08:46:23,431 - INFO - user_info function started for User=naveenb...
2024-07-07 08:46:23,431 - INFO - User=naveenb checking their own information.
2024-07-07 08:46:23,431 - ERROR - User=naveenb record not found.
2024-07-07 08:46:23,433 - INFO - user_info function ended for User=naveenb.
2024-07-07 08:47:13,023 - INFO - Entered Option=4 "Read record"
2024-07-07 08:47:13,023 - INFO - Reading records function has started...
2024-07-07 08:47:13,024 - INFO - Reading records function has ended...
2024-07-07 08:47:58,711 - INFO - Entered Option=5 "Exit"
2024-07-07 08:48:02,099 - INFO - Entered name of user is adveshk
2024-07-07 08:48:08,271 - WARNING - Unauthorized User=adveshk, trying to access the application...
2024-07-07 08:48:14,541 - INFO - Entered name of user is adveshk
2024-07-07 08:48:20,008 - INFO - User=adveshk is an admin, having Admin properties
2024-07-07 08:48:22,536 - INFO - Entered Option=4 "Check specify user info"
2024-07-07 08:48:22,536 - INFO - user_info function started for User=adveshk...
2024-07-07 08:48:27,607 - INFO - Admin=adveshk entered "naveenb" to see their information.
2024-07-07 08:48:27,607 - ERROR - User=naveenb is not in records.
2024-07-07 08:48:27,607 - INFO - user_info function ended for User=adveshk.
2024-07-07 08:50:52,973 - INFO - Entered name of user is adveshk
2024-07-07 08:50:56,191 - INFO - User=adveshk is an admin, having Admin properties
2024-07-07 08:50:57,783 - INFO - Entered Option=4 "Check specify user info"
2024-07-07 08:50:57,783 - INFO - user_info function started for User=adveshk...
2024-07-07 08:51:00,567 - INFO - Admin=adveshk entered "naveenb" to see their information.
2024-07-07 08:51:00,567 - ERROR - User=naveenb is not in records.
2024-07-07 08:51:00,568 - INFO - user_info function ended for User=adveshk.
2024-07-07 08:52:14,469 - INFO - Entered name of user is adveshk
2024-07-07 08:52:17,297 - INFO - User=adveshk is an admin, having Admin properties
2024-07-07 08:52:18,834 - INFO - Entered Option=4 "Check specify user info"
2024-07-07 08:52:18,834 - INFO - user_info function started for User=adveshk...
2024-07-07 08:52:21,985 - INFO - Admin=adveshk entered "naveenb" to see their information.
2024-07-07 08:52:21,985 - ERROR - User=naveenb is not in records.
2024-07-07 08:52:21,985 - INFO - user_info function ended for User=adveshk.
2024-07-07 08:53:08,622 - INFO - Entered Option=8 "Exit"
2024-07-07 08:53:12,237 - INFO - Entered name of user is naveenb
2024-07-07 08:53:14,771 - INFO - User=naveenb is a user, having User properties
2024-07-07 08:53:18,714 - INFO - Entered Option=4 "Read record"
2024-07-07 08:53:18,714 - INFO - Reading records function has started...
2024-07-07 08:53:18,714 - ERROR - name 'username' is not defined
2024-07-07 08:53:18,714 - INFO - Reading records function has ended...
2024-07-07 08:54:08,348 - INFO - Entered name of user is naveenb
2024-07-07 08:54:11,942 - INFO - User=naveenb is a user, having User properties
2024-07-07 08:54:15,898 - INFO - Entered Option=4 "Read record"
2024-07-07 08:54:15,899 - INFO - Reading records function has started...
2024-07-07 08:54:15,899 - INFO - Reading records function has ended...
2024-07-07 08:57:15,000 - INFO - Entered name of user is adveshk
2024-07-07 08:57:15,000 - INFO - User=adveshk is an admin, having Admin properties
2024-07-07 08:57:16,957 - INFO - Entered Option=4 "Check specify user info"
2024-07-07 08:57:16,957 - INFO - user_info function started...
2024-07-07 08:57:20,033 - INFO - Admin=adveshk has entered "naveenb" to see his information
2024-07-07 08:57:31,511 - INFO - Entered Option=7 "Read Records"
2024-07-07 08:57:31,511 - INFO - Reading records function has started...
2024-07-07 08:57:31,513 - INFO - Admin=adveshk has read all records: [{'username': 'kumarm', 'name': 'kumarmarshal', 'dept': 'IT', 'dob': '2000-01-01', 'gender': 'M', 'isadmin': False}, {'username': 'naveenb', 'name': 'naveenbireddy', 'dept': 'Dev', 'dob': '2000-02-02', 'gender': 'M', 'isadmin': False}, {'username': 'adveshk', 'name': 'adveshkairamkonda', 'dept': 'Sales', 'dob': '2000-02-22', 'gender': 'M', 'isadmin': True}]
2024-07-07 08:57:31,513 - INFO - Reading records function has ended...
2024-07-07 08:57:43,465 - INFO - Entered Option=8 "Exit"
2024-07-07 08:57:46,223 - INFO - Entered name of user is naveenb
2024-07-07 08:57:46,224 - INFO - User=naveenb is a user, having User properties
2024-07-07 08:57:48,026 - INFO - Entered Option=3 "Check Your Details"
2024-07-07 08:57:48,026 - INFO - user_info function started...
2024-07-07 08:57:48,026 - INFO - User=naveenb having checking his information
2024-07-07 08:57:51,444 - INFO - Entered Option=4 "Read record"
2024-07-07 08:57:51,444 - INFO - Reading records function has started...
2024-07-07 08:57:51,444 - INFO - Reading records function has ended...
2024-07-07 09:00:13,727 - INFO - Entered name of user is adveshk
2024-07-07 09:00:36,619 - INFO - Entered name of user is adveshk
2024-07-07 09:01:14,035 - INFO - Entered name of user is adveshk
2024-07-07 09:01:16,823 - INFO - User=adveshk is an admin, having Admin properties
2024-07-07 09:01:21,594 - INFO - Entered Option=7 "Read Records"
2024-07-07 09:01:21,594 - INFO - Reading records function has started...
2024-07-07 09:01:21,594 - INFO - Admin=adveshk has read all records: [{'username': 'kumarm', 'name': 'kumarmarshal', 'dept': 'IT', 'dob': '2000-01-01', 'gender': 'M', 'isadmin': False}, {'username': 'naveenb', 'name': 'naveenbireddy', 'dept': 'Dev', 'dob': '2000-02-02', 'gender': 'M', 'isadmin': False}, {'username': 'adveshk', 'name': 'adveshkairamkonda', 'dept': 'Sales', 'dob': '2000-02-22', 'gender': 'M', 'isadmin': True}]
2024-07-07 09:01:21,594 - INFO - Reading records function has ended...
2024-07-07 09:01:24,692 - INFO - Entered Option=4 "Check specify user info"
2024-07-07 09:01:24,692 - INFO - user_info function started...
2024-07-07 09:01:26,946 - INFO - Admin=adveshk has entered "naveenb" to see his information
2024-07-07 09:03:10,536 - INFO - Entered name of user is adveshk
2024-07-07 09:03:15,437 - INFO - User=adveshk is an admin, having Admin properties
2024-07-07 09:03:20,306 - INFO - Entered Option=4 "Check specify user info"
2024-07-07 09:03:20,306 - INFO - user_info function started...
2024-07-07 09:03:23,676 - INFO - Admin=adveshk has entered "naveenb" to see his information
2024-07-07 09:03:31,584 - INFO - Entered Option=4 "Check specify user info"
2024-07-07 09:03:31,584 - INFO - user_info function started...
2024-07-07 09:03:34,923 - INFO - Admin=adveshk has entered "naveenbireddy" to see his information
2024-07-07 09:03:34,924 - ERROR - User=naveenbireddy,is not in records
2024-07-07 09:03:34,924 - ERROR - User=naveenbireddy,is not in records
2024-07-07 09:05:44,261 - INFO - Entered name of user is naveenb
2024-07-07 09:05:47,730 - INFO - User=naveenb is a user, having User properties
2024-07-07 09:05:51,325 - INFO - Entered Option=4 "Read record"
2024-07-07 09:05:51,326 - INFO - Reading records function has started...
2024-07-07 09:05:51,326 - INFO - User=naveenb has read his own record: {'username': 'naveenb', 'name': 'naveenb', 'dept': 'Dev', 'dob': '2000-02-02', 'gender': 'M', 'isadmin': False}
2024-07-07 09:05:51,326 - INFO - Reading records function has ended...
2024-07-07 09:06:02,333 - INFO - Entered Option=3 "Check Your Details"
2024-07-07 09:06:02,333 - INFO - user_info function started...
2024-07-07 09:06:02,333 - INFO - User=naveenb having checking his information
2024-07-07 09:06:02,333 - INFO - Your information :- {'username': 'naveenb', 'name': 'naveenb', 'dept': 'Dev', 'dob': '2000-02-02', 'gender': 'M', 'isadmin': False}
2024-07-07 09:06:11,480 - INFO - Entered Option=5 "Exit"
2024-07-07 09:06:17,636 - INFO - Entered name of user is adveshk
2024-07-07 09:06:20,628 - INFO - User=adveshk is an admin, having Admin properties
2024-07-07 09:06:23,431 - INFO - Entered Option=4 "Check specify user info"
2024-07-07 09:06:23,431 - INFO - user_info function started...
2024-07-07 09:06:27,197 - INFO - Admin=adveshk has entered "naveenb" to see his information
2024-07-07 09:06:27,197 - INFO - User=naveenb information :- {'username': 'naveenb', 'name': 'naveenb', 'dept': 'Dev', 'dob': '2000-02-02', 'gender': 'M', 'isadmin': False}
2024-07-07 09:18:10,968 - INFO - Entered name of user is adveshk
2024-07-07 09:18:14,976 - INFO - User=adveshk is an admin, having Admin properties
2024-07-07 09:18:17,694 - INFO - Entered Option=3 "Partially update record"
2024-07-07 09:18:23,162 - INFO - For User=naveenb --> partial_update_record function has started...
2024-07-07 09:18:23,162 - INFO - "message:-" "Partial Modifying "naveenb" record"
2024-07-07 09:18:37,902 - INFO - Entered name of user is adveshk
2024-07-07 09:18:40,984 - INFO - User=adveshk is an admin, having Admin properties
2024-07-07 09:18:44,020 - INFO - Entered Option=4 "Check specify user info"
2024-07-07 09:18:44,020 - INFO - user_info function started...
2024-07-07 09:18:47,066 - INFO - Admin=adveshk has entered "naveenb" to see his information
2024-07-07 09:18:47,066 - INFO - User=naveenb information :- {'username': 'naveenbireddy', 'name': 'naveenb', 'dept': 'Dev', 'dob': '2000-02-02', 'gender': 'M', 'isadmin': False}
